2016-12-23 16:25:28,318 - CopyCat.KennyLogger - INFO - Opened file: <open file 'testfile.txt', mode 'rb' at 0x10eb69c00> ('/Users/r630860/play/python/copycat/CopyCat/Client.py', 129)
2016-12-23 16:25:38,368 - CopyCat.KennyLogger - INFO - Opened file: <open file 'testfile.txt', mode 'rb' at 0x105d42c00> ('/Users/r630860/play/python/copycat/CopyCat/Client.py', 129)
2016-12-23 17:04:18,493 - CopyCat.KennyLogger - INFO - Opened file: <open file 'testfile.txt', mode 'rb' at 0x101f0bc90> ('/Users/r630860/play/python/copycat/CopyCat/Client.py', 128)
2016-12-23 17:04:18,495 - CopyCat.KennyLogger - INFO - File sent successfully ('/Users/r630860/play/python/copycat/CopyCat/Client.py', 80)
2016-12-23 17:04:18,495 - CopyCat.KennyLogger - INFO - Total bytes sent: 30 (0.000693798065186 seconds) ('/Users/r630860/play/python/copycat/CopyCat/Client.py', 84)
2016-12-23 17:09:47,014 - CopyCat.KennyLogger - INFO - Opened file: <open file 'testfile.txt', mode 'rb' at 0x105bc8c00> ('/Users/r630860/play/python/copycat/CopyCat/Client.py', 128)
2016-12-23 17:09:47,015 - CopyCat.KennyLogger - INFO - File sent successfully ('/Users/r630860/play/python/copycat/CopyCat/Client.py', 80)
2016-12-23 17:09:47,016 - CopyCat.KennyLogger - INFO - Total bytes sent: 30 (0.000719785690308 seconds) ('/Users/r630860/play/python/copycat/CopyCat/Client.py', 84)
2016-12-23 17:10:05,357 - CopyCat.KennyLogger - INFO - Opened file: <open file 'testfile.txt', mode 'rb' at 0x1091dac00> ('/Users/r630860/play/python/copycat/CopyCat/Client.py', 128)
2016-12-23 17:10:05,358 - CopyCat.KennyLogger - INFO - File sent successfully ('/Users/r630860/play/python/copycat/CopyCat/Client.py', 80)
2016-12-23 17:10:05,358 - CopyCat.KennyLogger - INFO - Total bytes sent: 30 (0.000720977783203 seconds) ('/Users/r630860/play/python/copycat/CopyCat/Client.py', 84)
2016-12-23 17:10:14,085 - CopyCat.KennyLogger - INFO - Opened file: <open file 'testfile.txt', mode 'rb' at 0x1050d4c00> ('/Users/r630860/play/python/copycat/CopyCat/Client.py', 128)
2016-12-23 17:10:14,086 - CopyCat.KennyLogger - INFO - File sent successfully ('/Users/r630860/play/python/copycat/CopyCat/Client.py', 80)
2016-12-23 17:10:14,086 - CopyCat.KennyLogger - INFO - Total bytes sent: 30 (0.000710964202881 seconds) ('/Users/r630860/play/python/copycat/CopyCat/Client.py', 84)
2016-12-23 17:11:46,216 - CopyCat.KennyLogger - INFO - Opened file: <open file 'testfile0.txt', mode 'rb' at 0x10dc1cc00> ('/Users/r630860/play/python/copycat/CopyCat/Client.py', 128)
2016-12-23 17:11:46,218 - CopyCat.KennyLogger - INFO - File sent successfully ('/Users/r630860/play/python/copycat/CopyCat/Client.py', 80)
2016-12-23 17:11:46,218 - CopyCat.KennyLogger - INFO - Total bytes sent: 30 (0.000746965408325 seconds) ('/Users/r630860/play/python/copycat/CopyCat/Client.py', 84)
2016-12-23 17:11:54,620 - CopyCat.KennyLogger - INFO - Opened file: <open file 'testfile0.txt', mode 'rb' at 0x10d200c00> ('/Users/r630860/play/python/copycat/CopyCat/Client.py', 128)
2016-12-23 17:12:09,930 - CopyCat.KennyLogger - INFO - Opened file: <open file 'testfile0.txt', mode 'rb' at 0x10c616c00> ('/Users/r630860/play/python/copycat/CopyCat/Client.py', 128)
2016-12-23 17:12:09,932 - CopyCat.KennyLogger - INFO - File sent successfully ('/Users/r630860/play/python/copycat/CopyCat/Client.py', 80)
2016-12-23 17:12:09,932 - CopyCat.KennyLogger - INFO - Total bytes sent: 30 (0.000706911087036 seconds) ('/Users/r630860/play/python/copycat/CopyCat/Client.py', 84)
2016-12-23 17:12:16,595 - CopyCat.KennyLogger - INFO - Opened file: <open file 'testfile0.txt', mode 'rb' at 0x109669c00> ('/Users/r630860/play/python/copycat/CopyCat/Client.py', 128)
2016-12-23 17:12:16,596 - CopyCat.KennyLogger - INFO - Opened file: <open file 'testfile1.txt', mode 'rb' at 0x10967ef60> ('/Users/r630860/play/python/copycat/CopyCat/Client.py', 128)
2016-12-23 17:12:16,597 - CopyCat.KennyLogger - INFO - File sent successfully ('/Users/r630860/play/python/copycat/CopyCat/Client.py', 80)
2016-12-23 17:12:16,597 - CopyCat.KennyLogger - INFO - Total bytes sent: 30 (0.000678062438965 seconds) ('/Users/r630860/play/python/copycat/CopyCat/Client.py', 84)
2016-12-23 17:21:49,397 - CopyCat.KennyLogger - INFO - Opened file: <open file 'testfile0.txt', mode 'rb' at 0x102583c00> ('/Users/r630860/play/python/copycat/CopyCat/Client.py', 128)
2016-12-23 17:21:49,398 - CopyCat.KennyLogger - INFO - File sent successfully ('/Users/r630860/play/python/copycat/CopyCat/Client.py', 80)
2016-12-23 17:21:49,399 - CopyCat.KennyLogger - INFO - Total bytes sent: 30 (0.000701189041138 seconds) ('/Users/r630860/play/python/copycat/CopyCat/Client.py', 84)
2016-12-23 17:28:12,822 - CopyCat.KennyLogger - INFO - Opened file: <open file 'testfile0.txt', mode 'rb' at 0x10f2f1c00> ('/Users/r630860/play/python/copycat/CopyCat/Client.py', 128)
2016-12-23 17:28:12,823 - CopyCat.KennyLogger - INFO - File sent successfully ('/Users/r630860/play/python/copycat/CopyCat/Client.py', 80)
2016-12-23 17:28:12,823 - CopyCat.KennyLogger - INFO - Total bytes sent: 30 (0.000692129135132 seconds) ('/Users/r630860/play/python/copycat/CopyCat/Client.py', 84)
2016-12-23 17:30:44,392 - CopyCat.KennyLogger - INFO - Opened file: <open file 'testfile0.txt', mode 'rb' at 0x10537cc00> ('/Users/r630860/play/python/copycat/CopyCat/Client.py', 128)
2016-12-23 17:30:44,394 - CopyCat.KennyLogger - INFO - File sent successfully ('/Users/r630860/play/python/copycat/CopyCat/Client.py', 80)
2016-12-23 17:30:44,394 - CopyCat.KennyLogger - INFO - Total bytes sent: 30 (0.000688791275024 seconds) ('/Users/r630860/play/python/copycat/CopyCat/Client.py', 84)
2016-12-23 17:31:02,647 - CopyCat.KennyLogger - INFO - Opened file: <open file 'testfile0.txt', mode 'rb' at 0x106ee5c00> ('/Users/r630860/play/python/copycat/CopyCat/Client.py', 128)
2016-12-23 17:31:02,649 - CopyCat.KennyLogger - INFO - File sent successfully ('/Users/r630860/play/python/copycat/CopyCat/Client.py', 80)
2016-12-23 17:31:02,650 - CopyCat.KennyLogger - INFO - Total bytes sent: 30 (0.00113320350647 seconds) ('/Users/r630860/play/python/copycat/CopyCat/Client.py', 84)
2016-12-23 17:34:22,800 - CopyCat.KennyLogger - INFO - Opened file: <open file 'testfile0.txt', mode 'rb' at 0x107b58c00> ('/Users/r630860/play/python/copycat/CopyCat/Client.py', 128)
2016-12-23 17:34:22,802 - CopyCat.KennyLogger - INFO - File sent successfully ('/Users/r630860/play/python/copycat/CopyCat/Client.py', 80)
2016-12-23 17:34:22,802 - CopyCat.KennyLogger - INFO - Total bytes sent: 30 (0.000651121139526 seconds) ('/Users/r630860/play/python/copycat/CopyCat/Client.py', 84)
2016-12-23 17:35:28,997 - CopyCat.KennyLogger - INFO - Opened file: <open file 'testfile0.txt', mode 'rb' at 0x10ba98c00> ('/Users/r630860/play/python/copycat/CopyCat/Client.py', 128)
2016-12-23 17:35:28,998 - CopyCat.KennyLogger - INFO - File sent successfully ('/Users/r630860/play/python/copycat/CopyCat/Client.py', 80)
2016-12-23 17:35:28,998 - CopyCat.KennyLogger - INFO - Total bytes sent: 30 (0.000670194625854 seconds) ('/Users/r630860/play/python/copycat/CopyCat/Client.py', 84)
2016-12-23 17:35:51,743 - CopyCat.KennyLogger - INFO - Opened file: <open file 'testfile0.txt', mode 'rb' at 0x10ad04c00> ('/Users/r630860/play/python/copycat/CopyCat/Client.py', 128)
2016-12-23 17:35:51,744 - CopyCat.KennyLogger - INFO - Opened file: <open file 'testfile1.txt', mode 'rb' at 0x10ad1af60> ('/Users/r630860/play/python/copycat/CopyCat/Client.py', 128)
2016-12-23 17:35:51,745 - CopyCat.KennyLogger - INFO - File sent successfully ('/Users/r630860/play/python/copycat/CopyCat/Client.py', 80)
2016-12-23 17:35:51,745 - CopyCat.KennyLogger - INFO - Total bytes sent: 30 (0.000641107559204 seconds) ('/Users/r630860/play/python/copycat/CopyCat/Client.py', 84)
2016-12-23 17:35:51,747 - CopyCat.KennyLogger - INFO - File sent successfully ('/Users/r630860/play/python/copycat/CopyCat/Client.py', 80)
2016-12-23 17:35:51,747 - CopyCat.KennyLogger - INFO - Total bytes sent: 48 (0.0012309551239 seconds) ('/Users/r630860/play/python/copycat/CopyCat/Client.py', 84)
2016-12-23 17:37:59,229 - CopyCat.KennyLogger - INFO - Opened file: <open file 'testfile0.txt', mode 'rb' at 0x101684c00> ('/Users/r630860/play/python/copycat/CopyCat/Client.py', 128)
2016-12-23 17:37:59,229 - CopyCat.KennyLogger - INFO - Opened file: <open file 'testfile1.txt', mode 'rb' at 0x10169af60> ('/Users/r630860/play/python/copycat/CopyCat/Client.py', 128)
2016-12-23 17:37:59,231 - CopyCat.KennyLogger - INFO - File sent successfully ('/Users/r630860/play/python/copycat/CopyCat/Client.py', 80)
2016-12-23 17:37:59,231 - CopyCat.KennyLogger - INFO - Total bytes sent: 30 (0.00068211555481 seconds) ('/Users/r630860/play/python/copycat/CopyCat/Client.py', 84)
2016-12-23 17:37:59,232 - CopyCat.KennyLogger - INFO - File sent successfully ('/Users/r630860/play/python/copycat/CopyCat/Client.py', 80)
2016-12-23 17:37:59,232 - CopyCat.KennyLogger - INFO - Total bytes sent: 48 (0.000648975372314 seconds) ('/Users/r630860/play/python/copycat/CopyCat/Client.py', 84)
2016-12-23 17:40:06,244 - CopyCat.KennyLogger - INFO - Opened file: <open file 'testfile0.txt', mode 'rb' at 0x100b31c00> ('/Users/r630860/play/python/copycat/CopyCat/Client.py', 128)
2016-12-23 17:40:06,244 - CopyCat.KennyLogger - INFO - Opened file: <open file 'testfile1.txt', mode 'rb' at 0x100b47f60> ('/Users/r630860/play/python/copycat/CopyCat/Client.py', 128)
2016-12-23 17:40:33,697 - CopyCat.KennyLogger - INFO - Opened file: <open file 'testfile0.txt', mode 'rb' at 0x10e1eac00> ('/Users/r630860/play/python/copycat/CopyCat/Client.py', 128)
2016-12-23 17:40:33,698 - CopyCat.KennyLogger - INFO - Opened file: <open file 'testfile1.txt', mode 'rb' at 0x10e200f60> ('/Users/r630860/play/python/copycat/CopyCat/Client.py', 128)
2016-12-23 17:42:01,443 - CopyCat.KennyLogger - INFO - Opened file: <open file 'testfile0.txt', mode 'rb' at 0x103d6ac00> ('/Users/r630860/play/python/copycat/CopyCat/Client.py', 128)
2016-12-23 17:42:01,443 - CopyCat.KennyLogger - INFO - Opened file: <open file 'testfile1.txt', mode 'rb' at 0x103d80f60> ('/Users/r630860/play/python/copycat/CopyCat/Client.py', 128)
2016-12-23 17:43:09,144 - CopyCat.KennyLogger - INFO - Opened file: <open file 'testfile0.txt', mode 'rb' at 0x109e5dc00> ('/Users/r630860/play/python/copycat/CopyCat/Client.py', 128)
2016-12-23 17:43:09,144 - CopyCat.KennyLogger - INFO - Opened file: <open file 'testfile1.txt', mode 'rb' at 0x109e73f60> ('/Users/r630860/play/python/copycat/CopyCat/Client.py', 128)
2016-12-23 17:47:46,289 - CopyCat.KennyLogger - INFO - Opened file: <open file 'testfile0.txt', mode 'rb' at 0x1050c7c00> ('/Users/r630860/play/python/copycat/CopyCat/Client.py', 128)
2016-12-23 17:47:46,290 - CopyCat.KennyLogger - INFO - Opened file: <open file 'testfile1.txt', mode 'rb' at 0x1050ddf60> ('/Users/r630860/play/python/copycat/CopyCat/Client.py', 128)
2016-12-23 17:48:45,640 - CopyCat.KennyLogger - INFO - Opened file: <open file 'testfile0.txt', mode 'rb' at 0x10f61dc00> ('/Users/r630860/play/python/copycat/CopyCat/Client.py', 128)
2016-12-23 17:48:45,641 - CopyCat.KennyLogger - INFO - Opened file: <open file 'testfile1.txt', mode 'rb' at 0x10f633f60> ('/Users/r630860/play/python/copycat/CopyCat/Client.py', 128)
2016-12-23 17:48:45,642 - CopyCat.KennyLogger - INFO - File sent successfully ('/Users/r630860/play/python/copycat/CopyCat/Client.py', 80)
2016-12-23 17:48:45,643 - CopyCat.KennyLogger - INFO - Total bytes sent: 30 (0.000714778900146 seconds) ('/Users/r630860/play/python/copycat/CopyCat/Client.py', 84)
2016-12-23 17:48:45,644 - CopyCat.KennyLogger - INFO - File sent successfully ('/Users/r630860/play/python/copycat/CopyCat/Client.py', 80)
2016-12-23 17:48:45,644 - CopyCat.KennyLogger - INFO - Total bytes sent: 48 (0.000734090805054 seconds) ('/Users/r630860/play/python/copycat/CopyCat/Client.py', 84)
2016-12-23 17:49:05,790 - CopyCat.KennyLogger - INFO - Opened file: <open file 'testfile0.txt', mode 'rb' at 0x10e3c6c00> ('/Users/r630860/play/python/copycat/CopyCat/Client.py', 128)
2016-12-23 17:49:05,790 - CopyCat.KennyLogger - INFO - Opened file: <open file 'testfile1.txt', mode 'rb' at 0x10e3dcf60> ('/Users/r630860/play/python/copycat/CopyCat/Client.py', 128)
2016-12-23 17:49:05,792 - CopyCat.KennyLogger - INFO - File sent successfully ('/Users/r630860/play/python/copycat/CopyCat/Client.py', 80)
2016-12-23 17:49:05,792 - CopyCat.KennyLogger - INFO - Total bytes sent: 30 (0.0012218952179 seconds) ('/Users/r630860/play/python/copycat/CopyCat/Client.py', 84)
2016-12-23 17:49:05,795 - CopyCat.KennyLogger - INFO - File sent successfully ('/Users/r630860/play/python/copycat/CopyCat/Client.py', 80)
2016-12-23 17:49:05,795 - CopyCat.KennyLogger - INFO - Total bytes sent: 48 (0.00146985054016 seconds) ('/Users/r630860/play/python/copycat/CopyCat/Client.py', 84)
2016-12-23 17:50:21,044 - CopyCat.KennyLogger - INFO - Opened file: <open file 'testfile0.txt', mode 'rb' at 0x104ee7c00> ('/Users/r630860/play/python/copycat/CopyCat/Client.py', 128)
2016-12-23 17:50:21,045 - CopyCat.KennyLogger - INFO - Opened file: <open file 'testfile1.txt', mode 'rb' at 0x104efdf60> ('/Users/r630860/play/python/copycat/CopyCat/Client.py', 128)
2016-12-23 17:50:21,046 - CopyCat.KennyLogger - INFO - File sent successfully ('/Users/r630860/play/python/copycat/CopyCat/Client.py', 80)
2016-12-23 17:50:21,046 - CopyCat.KennyLogger - INFO - Total bytes sent: 30 (0.000706911087036 seconds) ('/Users/r630860/play/python/copycat/CopyCat/Client.py', 84)
2016-12-23 17:50:21,048 - CopyCat.KennyLogger - INFO - File sent successfully ('/Users/r630860/play/python/copycat/CopyCat/Client.py', 80)
2016-12-23 17:50:21,048 - CopyCat.KennyLogger - INFO - Total bytes sent: 48 (0.000818014144897 seconds) ('/Users/r630860/play/python/copycat/CopyCat/Client.py', 84)
2016-12-23 17:51:42,900 - CopyCat.KennyLogger - INFO - Opened file: <open file 'testfile0.txt', mode 'rb' at 0x10e705c00> ('/Users/r630860/play/python/copycat/CopyCat/Client.py', 128)
2016-12-23 17:51:42,901 - CopyCat.KennyLogger - INFO - Opened file: <open file 'testfile1.txt', mode 'rb' at 0x10e71bf60> ('/Users/r630860/play/python/copycat/CopyCat/Client.py', 128)
2016-12-23 17:51:42,902 - CopyCat.KennyLogger - INFO - File sent successfully ('/Users/r630860/play/python/copycat/CopyCat/Client.py', 80)
2016-12-23 17:51:42,902 - CopyCat.KennyLogger - INFO - Total bytes sent: 30 (0.000698804855347 seconds) ('/Users/r630860/play/python/copycat/CopyCat/Client.py', 84)
2016-12-23 17:51:42,903 - CopyCat.KennyLogger - INFO - File sent successfully ('/Users/r630860/play/python/copycat/CopyCat/Client.py', 80)
2016-12-23 17:51:42,904 - CopyCat.KennyLogger - INFO - Total bytes sent: 48 (0.000744819641113 seconds) ('/Users/r630860/play/python/copycat/CopyCat/Client.py', 84)
2016-12-23 17:52:17,111 - CopyCat.KennyLogger - INFO - Opened file: <open file 'testfile0.txt', mode 'rb' at 0x1018dac00> ('/Users/r630860/play/python/copycat/CopyCat/Client.py', 128)
2016-12-23 17:52:17,112 - CopyCat.KennyLogger - INFO - Opened file: <open file 'testfile1.txt', mode 'rb' at 0x1018f0f60> ('/Users/r630860/play/python/copycat/CopyCat/Client.py', 128)
2016-12-23 17:52:39,970 - CopyCat.KennyLogger - INFO - Opened file: <open file 'testfile0.txt', mode 'rb' at 0x109ecdc00> ('/Users/r630860/play/python/copycat/CopyCat/Client.py', 128)
2016-12-23 17:52:39,970 - CopyCat.KennyLogger - INFO - Opened file: <open file 'testfile1.txt', mode 'rb' at 0x109ee3f60> ('/Users/r630860/play/python/copycat/CopyCat/Client.py', 128)
2016-12-23 17:52:39,972 - CopyCat.KennyLogger - INFO - File sent successfully ('/Users/r630860/play/python/copycat/CopyCat/Client.py', 80)
2016-12-23 17:52:39,972 - CopyCat.KennyLogger - INFO - Total bytes sent: 30 (0.00100517272949 seconds) ('/Users/r630860/play/python/copycat/CopyCat/Client.py', 84)
2016-12-23 17:52:39,973 - CopyCat.KennyLogger - INFO - File sent successfully ('/Users/r630860/play/python/copycat/CopyCat/Client.py', 80)
2016-12-23 17:52:39,974 - CopyCat.KennyLogger - INFO - Total bytes sent: 48 (0.000816106796265 seconds) ('/Users/r630860/play/python/copycat/CopyCat/Client.py', 84)
2016-12-23 17:53:08,102 - CopyCat.KennyLogger - INFO - Opened file: <open file 'testfile0.txt', mode 'rb' at 0x103b30c00> ('/Users/r630860/play/python/copycat/CopyCat/Client.py', 128)
2016-12-23 17:53:08,102 - CopyCat.KennyLogger - INFO - Opened file: <open file 'testfile1.txt', mode 'rb' at 0x103b46f60> ('/Users/r630860/play/python/copycat/CopyCat/Client.py', 128)
2016-12-23 17:53:08,104 - CopyCat.KennyLogger - INFO - File sent successfully ('/Users/r630860/play/python/copycat/CopyCat/Client.py', 80)
2016-12-23 17:53:08,104 - CopyCat.KennyLogger - INFO - Total bytes sent: 30 (0.000689029693604 seconds) ('/Users/r630860/play/python/copycat/CopyCat/Client.py', 84)
2016-12-23 17:53:08,105 - CopyCat.KennyLogger - INFO - File sent successfully ('/Users/r630860/play/python/copycat/CopyCat/Client.py', 80)
2016-12-23 17:53:08,105 - CopyCat.KennyLogger - INFO - Total bytes sent: 48 (0.00080394744873 seconds) ('/Users/r630860/play/python/copycat/CopyCat/Client.py', 84)
2016-12-23 17:53:53,334 - CopyCat.KennyLogger - INFO - Opened file: <open file 'testfile0.txt', mode 'rb' at 0x102707c00> ('/Users/r630860/play/python/copycat/CopyCat/Client.py', 128)
2016-12-23 17:53:53,334 - CopyCat.KennyLogger - INFO - Opened file: <open file 'testfile1.txt', mode 'rb' at 0x10271df60> ('/Users/r630860/play/python/copycat/CopyCat/Client.py', 128)
2016-12-23 17:53:53,335 - CopyCat.KennyLogger - INFO - File sent successfully ('/Users/r630860/play/python/copycat/CopyCat/Client.py', 80)
2016-12-23 17:53:53,336 - CopyCat.KennyLogger - INFO - Total bytes sent: 30 (0.000723838806152 seconds) ('/Users/r630860/play/python/copycat/CopyCat/Client.py', 84)
2016-12-23 17:53:53,337 - CopyCat.KennyLogger - INFO - File sent successfully ('/Users/r630860/play/python/copycat/CopyCat/Client.py', 80)
2016-12-23 17:53:53,337 - CopyCat.KennyLogger - INFO - Total bytes sent: 48 (0.000740051269531 seconds) ('/Users/r630860/play/python/copycat/CopyCat/Client.py', 84)
2016-12-23 17:54:21,941 - CopyCat.KennyLogger - INFO - Opened file: <open file 'testfile0.txt', mode 'rb' at 0x10328dc00> ('/Users/r630860/play/python/copycat/CopyCat/Client.py', 128)
2016-12-23 17:54:21,941 - CopyCat.KennyLogger - INFO - Opened file: <open file 'testfile1.txt', mode 'rb' at 0x1032a3f60> ('/Users/r630860/play/python/copycat/CopyCat/Client.py', 128)
2016-12-23 17:54:21,943 - CopyCat.KennyLogger - INFO - File sent successfully ('/Users/r630860/play/python/copycat/CopyCat/Client.py', 80)
2016-12-23 17:54:21,943 - CopyCat.KennyLogger - INFO - Total bytes sent: 30 (0.000699996948242 seconds) ('/Users/r630860/play/python/copycat/CopyCat/Client.py', 84)
2016-12-23 17:54:21,944 - CopyCat.KennyLogger - INFO - File sent successfully ('/Users/r630860/play/python/copycat/CopyCat/Client.py', 80)
2016-12-23 17:54:21,944 - CopyCat.KennyLogger - INFO - Total bytes sent: 48 (0.000680923461914 seconds) ('/Users/r630860/play/python/copycat/CopyCat/Client.py', 84)
2016-12-23 17:58:25,186 - CopyCat.KennyLogger - INFO - Opened file: <open file 'img0.jpg', mode 'rb' at 0x106188c00> ('/Users/r630860/play/python/copycat/CopyCat/Client.py', 128)
2016-12-23 17:58:25,193 - CopyCat.KennyLogger - INFO - File sent successfully ('/Users/r630860/play/python/copycat/CopyCat/Client.py', 80)
2016-12-23 17:58:25,193 - CopyCat.KennyLogger - INFO - Total bytes sent: 1297906 (0.00530409812927 seconds) ('/Users/r630860/play/python/copycat/CopyCat/Client.py', 84)
2016-12-23 18:00:37,723 - CopyCat.KennyLogger - INFO - Opened file: <open file 'img0.jpg', mode 'rb' at 0x105822c00> ('/Users/r630860/play/python/copycat/CopyCat/Client.py', 128)
2016-12-23 18:00:37,729 - CopyCat.KennyLogger - INFO - File sent successfully ('/Users/r630860/play/python/copycat/CopyCat/Client.py', 80)
2016-12-23 18:00:37,729 - CopyCat.KennyLogger - INFO - Total bytes sent: 1297906 (0.00453495979309 seconds) ('/Users/r630860/play/python/copycat/CopyCat/Client.py', 84)
2016-12-23 18:01:56,255 - CopyCat.KennyLogger - INFO - Opened file: <open file 'img0.jpg', mode 'rb' at 0x10d9a4c00> ('/Users/r630860/play/python/copycat/CopyCat/Client.py', 128)
2016-12-23 18:02:33,345 - CopyCat.KennyLogger - INFO - Opened file: <open file 'img0.jpg', mode 'rb' at 0x106f00c00> ('/Users/r630860/play/python/copycat/CopyCat/Client.py', 128)
2016-12-23 18:02:33,351 - CopyCat.KennyLogger - INFO - File sent successfully ('/Users/r630860/play/python/copycat/CopyCat/Client.py', 80)
2016-12-23 18:02:33,353 - CopyCat.KennyLogger - INFO - Total bytes sent: 1297906 (0.00650906562805 seconds) ('/Users/r630860/play/python/copycat/CopyCat/Client.py', 84)
2016-12-23 18:03:00,207 - CopyCat.KennyLogger - INFO - Opened file: <open file 'img0.jpg', mode 'rb' at 0x109f84c00> ('/Users/r630860/play/python/copycat/CopyCat/Client.py', 128)
2016-12-23 18:04:09,471 - CopyCat.KennyLogger - INFO - Opened file: <open file 'img0.jpg', mode 'rb' at 0x1069e6c00> ('/Users/r630860/play/python/copycat/CopyCat/Client.py', 128)
2016-12-23 18:04:09,477 - CopyCat.KennyLogger - INFO - File sent successfully ('/Users/r630860/play/python/copycat/CopyCat/Client.py', 80)
2016-12-23 18:04:09,477 - CopyCat.KennyLogger - INFO - Total bytes sent: 1297906 (0.00485301017761 seconds) ('/Users/r630860/play/python/copycat/CopyCat/Client.py', 84)
2016-12-23 18:06:00,088 - CopyCat.KennyLogger - INFO - Opened file: <open file 'img0.jpg', mode 'rb' at 0x10533ac00> ('/Users/r630860/play/python/copycat/CopyCat/Client.py', 128)
2016-12-23 18:06:00,095 - CopyCat.KennyLogger - INFO - File sent successfully ('/Users/r630860/play/python/copycat/CopyCat/Client.py', 80)
2016-12-23 18:06:00,095 - CopyCat.KennyLogger - INFO - Total bytes sent: 1297906 (0.005047082901 seconds) ('/Users/r630860/play/python/copycat/CopyCat/Client.py', 84)
